\BOOKMARK [1][-]{figure.caption.1}{Contents}{}% 1
\BOOKMARK [1][-]{section.1}{Introduction}{}% 2
\BOOKMARK [1][-]{section.2}{Theory}{}% 3
\BOOKMARK [2][-]{subsection.2.1}{Oculomotor depth cues}{section.2}% 4
\BOOKMARK [3][-]{subsubsection.2.1.1}{Accommodation}{subsection.2.1}% 5
\BOOKMARK [3][-]{subsubsection.2.1.2}{Convergence}{subsection.2.1}% 6
\BOOKMARK [2][-]{subsection.2.2}{Monocular Depth cues}{section.2}% 7
\BOOKMARK [3][-]{subsubsection.2.2.1}{Static cues}{subsection.2.2}% 8
\BOOKMARK [4][-]{paragraph.2.2.1.1}{Partial Occlusion}{subsubsection.2.2.1}% 9
\BOOKMARK [4][-]{paragraph.2.2.1.2}{Relative Height}{subsubsection.2.2.1}% 10
\BOOKMARK [4][-]{paragraph.2.2.1.3}{Familiar Size}{subsubsection.2.2.1}% 11
\BOOKMARK [4][-]{paragraph.2.2.1.4}{Relative Size}{subsubsection.2.2.1}% 12
\BOOKMARK [4][-]{paragraph.2.2.1.5}{Texture Gradients}{subsubsection.2.2.1}% 13
\BOOKMARK [4][-]{paragraph.2.2.1.6}{Linear Perspective}{subsubsection.2.2.1}% 14
\BOOKMARK [4][-]{paragraph.2.2.1.7}{Atmospheric Perspective}{subsubsection.2.2.1}% 15
\BOOKMARK [4][-]{paragraph.2.2.1.8}{Shading}{subsubsection.2.2.1}% 16
\BOOKMARK [4][-]{paragraph.2.2.1.9}{Cast shadow}{subsubsection.2.2.1}% 17
\BOOKMARK [3][-]{subsubsection.2.2.2}{Dynamic cues}{subsection.2.2}% 18
\BOOKMARK [4][-]{paragraph.2.2.2.1}{Motion Parallax}{subsubsection.2.2.2}% 19
\BOOKMARK [4][-]{paragraph.2.2.2.2}{Optic Flow}{subsubsection.2.2.2}% 20
\BOOKMARK [4][-]{paragraph.2.2.2.3}{Deletion \046 Accretion}{subsubsection.2.2.2}% 21
\BOOKMARK [2][-]{subsection.2.3}{Stereopsis}{section.2}% 22
\BOOKMARK [2][-]{subsection.2.4}{binocular disparity}{section.2}% 23
\BOOKMARK [2][-]{subsection.2.5}{Stereograms}{section.2}% 24
\BOOKMARK [2][-]{subsection.2.6}{Autostereograms}{section.2}% 25
\BOOKMARK [1][-]{section.3}{Discussion}{}% 26
\BOOKMARK [1][-]{section.4}{Conclusion}{}% 27
\BOOKMARK [1][-]{section.4}{References}{}% 28
